<?xml version="1.0" encoding="UTF-8"?>
<!-- Generated by org.testng.reporters.JUnitXMLReporter -->
<testsuite hostname="DESKTOP-5OK70U5" ignored="0" name="Default test" tests="7" failures="0" timestamp="2022-09-15T14:40:11 IST" time="170.353" errors="0">
  <testcase name="ClickOnSignIn" time="11.349" classname="com.myecom.testcases.IndexPageTest"/>
  <testcase name="test" time="0.0" classname="com.myecom.testcases.IndexPageTest"/>
  <testcase name="validateLogo" time="0.143" classname="com.myecom.testcases.IndexPageTest"/>
  <testcase name="validateSearchBoxClick" time="0.088" classname="com.myecom.testcases.IndexPageTest"/>
  <testcase name="validateSearchBoxText" time="0.52" classname="com.myecom.testcases.IndexPageTest"/>
  <testcase name="validatetitle" time="0.016" classname="com.myecom.testcases.IndexPageTest"/>
  <testcase name="validatetshirtclick" time="5.15" classname="com.myecom.testcases.IndexPageTest"/>
</testsuite> <!-- Default test -->
